Using pre-set license
Built from '2020.3/staging' branch; Version is '2020.3.4f1 (0abb6314276a) revision 703331'; Using compiler version '192528614'; Build Type 'Release'
OS: 'Windows 10 Home Single Language; OS build 19042.985; Version 2009; 64bit' Language: 'en' Physical Memory: 12203 MB
BatchMode: 1, IsHumanControllingUs: 0, StartBugReporterOnCrash: 0, Is64bit: 1, IsPro: 0

 COMMAND LINE ARGUMENTS:
C:\Program Files\Unity\Hub\Editor\2020.3.4f1\Editor\Unity.exe
-adb2
-batchMode
-noUpm
-name
AssetImportWorker0
-projectPath
E:/Project/arcore_facemakeup/arcore_facemakeup
-logFile
Logs/AssetImportWorker0.log
-srvPort
52080
Successfully changed project path to: E:/Project/arcore_facemakeup/arcore_facemakeup
E:/Project/arcore_facemakeup/arcore_facemakeup
Using Asset Import Pipeline V2.
Refreshing native plugins compatible for Editor in 29.11 ms, found 0 plugins.
Preloading 0 native plugins for Editor in 0.00 ms.
Initialize engine version: 2020.3.4f1 (0abb6314276a)
[Subsystems] Discovering subsystems at path C:/Program Files/Unity/Hub/Editor/2020.3.4f1/Editor/Data/Resources/UnitySubsystems
[Subsystems] Discovering subsystems at path E:/Project/arcore_facemakeup/arcore_facemakeup/Assets
GfxDevice: creating device client; threaded=0
Direct3D:
    Version:  Direct3D 11.0 [level 11.0]
    Renderer: NVIDIA GeForce MX110 (ID=0x174e)
    Vendor:   
    VRAM:     2010 MB
    Driver:   27.21.14.6611
Initialize mono
Mono path[0] = 'C:/Program Files/Unity/Hub/Editor/2020.3.4f1/Editor/Data/Managed'
Mono path[1] = 'C:/Program Files/Unity/Hub/Editor/2020.3.4f1/Editor/Data/MonoBleedingEdge/lib/mono/unityjit'
Mono config path = 'C:/Program Files/Unity/Hub/Editor/2020.3.4f1/Editor/Data/MonoBleedingEdge/etc'
Using monoOptions --debugger-agent=transport=dt_socket,embedding=1,server=y,suspend=n,address=127.0.0.1:56632
Begin MonoManager ReloadAssembly
Registering precompiled unity dll's ...
Register platform support module: C:/Program Files/Unity/Hub/Editor/2020.3.4f1/Editor/Data/PlaybackEngines/WindowsStandaloneSupport/UnityEditor.WindowsStandalone.Extensions.dll
Registered in 0.001956 seconds.
Native extension for WindowsStandalone target not found
Refreshing native plugins compatible for Editor in 29.08 ms, found 0 plugins.
Preloading 0 native plugins for Editor in 0.00 ms.
Mono: successfully reloaded assembly
- Completed reload, in  1.879 seconds
Platform modules already initialized, skipping
Registering precompiled user dll's ...
Registered in 0.000605 seconds.
Begin MonoManager ReloadAssembly
Native extension for WindowsStandalone target not found
Refreshing native plugins compatible for Editor in 0.30 ms, found 0 plugins.
Preloading 0 native plugins for Editor in 0.00 ms.
Mono: successfully reloaded assembly
- Completed reload, in  0.941 seconds
Platform modules already initialized, skipping
========================================================================
Worker process is ready to serve import requests
Launched and connected shader compiler UnityShaderCompiler.exe after 0.05 seconds
Refreshing native plugins compatible for Editor in 0.45 ms, found 0 plugins.
Preloading 0 native plugins for Editor in 0.00 ms.
Unloading 1452 Unused Serialized files (Serialized files now loaded: 0)
System memory in use before: 67.1 MB.
System memory in use after: 67.2 MB.

Unloading 12 unused Assets to reduce memory usage. Loaded Objects now: 1895.
Total: 2.460400 ms (FindLiveObjects: 0.282500 ms CreateObjectMapping: 0.261400 ms MarkObjects: 1.840800 ms  DeleteObjects: 0.074300 ms)

========================================================================
Received Import Request.
  path: Assets/UI/Canvas 1.prefab
  artifactKey: Guid(6b65cdb4e614f6b4aa5eb468c6225100) Importer(815301076,1909f56bfc062723c751e8b465ee728b)
Start importing Assets/UI/Canvas 1.prefab using Guid(6b65cdb4e614f6b4aa5eb468c6225100) Importer(815301076,1909f56bfc062723c751e8b465ee728b)  -> (artifact id: 'f499f13004bda5b4c4b255f2846409e4') in 0.082766 seconds
  Import took 0.085858 seconds .

========================================================================
Received Import Request.
  Time since last request: 0.000364 seconds.
  path: Assets/UI/Canvas.prefab
  artifactKey: Guid(73db9d6550a97a249af598a3c0909e82) Importer(815301076,1909f56bfc062723c751e8b465ee728b)
Start importing Assets/UI/Canvas.prefab using Guid(73db9d6550a97a249af598a3c0909e82) Importer(815301076,1909f56bfc062723c751e8b465ee728b)  -> (artifact id: '30656788ef173f22d34c946ce393d254') in 0.013732 seconds
  Import took 0.016316 seconds .

========================================================================
Received Import Request.
  Time since last request: 9527.004368 seconds.
  path: Assets/UI/camera.png
  artifactKey: Guid(6452b7735d42cf141b5d915f95ea133b) Importer(815301076,1909f56bfc062723c751e8b465ee728b)
Start importing Assets/UI/camera.png using Guid(6452b7735d42cf141b5d915f95ea133b) Importer(815301076,1909f56bfc062723c751e8b465ee728b)  -> (artifact id: '4ccb8f7726cae81ec4c8e41a80c0f631') in 0.169167 seconds
  Import took 0.226807 seconds .

========================================================================
Received Import Request.
  Time since last request: 0.000348 seconds.
  path: Assets/UI/makeup.png
  artifactKey: Guid(6c20fd6f8e38ae244935028249e5488e) Importer(815301076,1909f56bfc062723c751e8b465ee728b)
Start importing Assets/UI/makeup.png using Guid(6c20fd6f8e38ae244935028249e5488e) Importer(815301076,1909f56bfc062723c751e8b465ee728b)  -> (artifact id: '1961ffbae11a8a836490e60a3782c5a0') in 0.012603 seconds
  Import took 0.015890 seconds .

========================================================================
Received Import Request.
  Time since last request: 0.000245 seconds.
  path: Assets/UI/effect.png
  artifactKey: Guid(07aefe0e94ffab9448e82a88c86f497b) Importer(815301076,1909f56bfc062723c751e8b465ee728b)
Start importing Assets/UI/effect.png using Guid(07aefe0e94ffab9448e82a88c86f497b) Importer(815301076,1909f56bfc062723c751e8b465ee728b)  -> (artifact id: '9c09d965116cb75a5b89121dd10645c8') in 0.017102 seconds
  Import took 0.019756 seconds .

========================================================================
Received Import Request.
  Time since last request: 0.000263 seconds.
  path: Assets/UI/image.png
  artifactKey: Guid(c5d02619c88bdef4f89fdbe569de5f1a) Importer(815301076,1909f56bfc062723c751e8b465ee728b)
Start importing Assets/UI/image.png using Guid(c5d02619c88bdef4f89fdbe569de5f1a) Importer(815301076,1909f56bfc062723c751e8b465ee728b)  -> (artifact id: '03e08f71cd2709457b15de3aa280df67') in 0.019361 seconds
  Import took 0.026630 seconds .

========================================================================
Received Import Request.
  Time since last request: 0.000310 seconds.
  path: Assets/UI/edit.png
  artifactKey: Guid(9e54369917b8c7b49b9230230073274d) Importer(815301076,1909f56bfc062723c751e8b465ee728b)
Start importing Assets/UI/edit.png using Guid(9e54369917b8c7b49b9230230073274d) Importer(815301076,1909f56bfc062723c751e8b465ee728b)  -> (artifact id: '1cf6ef25b78ff466b61058ccda3df612') in 0.016210 seconds
  Import took 0.022302 seconds .

========================================================================
Received Import Request.
  Time since last request: 305.117561 seconds.
  path: Assets/Materials/Material 1.mat
  artifactKey: Guid(d3769e4a91c51a744a6d538ff1b88371) Importer(815301076,1909f56bfc062723c751e8b465ee728b)
Start importing Assets/Materials/Material 1.mat using Guid(d3769e4a91c51a744a6d538ff1b88371) Importer(815301076,1909f56bfc062723c751e8b465ee728b)  -> (artifact id: '377f737ed2332e1afdbfb3307397dde1') in 0.367760 seconds
  Import took 0.434434 seconds .

========================================================================
Received Import Request.
  Time since last request: 0.000292 seconds.
  path: Assets/Materials/Material 2.mat
  artifactKey: Guid(6d6f8bd4a7935e849979d1f721beccff) Importer(815301076,1909f56bfc062723c751e8b465ee728b)
Start importing Assets/Materials/Material 2.mat using Guid(6d6f8bd4a7935e849979d1f721beccff) Importer(815301076,1909f56bfc062723c751e8b465ee728b)  -> (artifact id: '43064b570bb7ef071563844f55a74842') in 0.099926 seconds
  Import took 0.144568 seconds .

========================================================================
Received Import Request.
  Time since last request: 0.003182 seconds.
  path: Assets/Materials/Material 2.mat
  artifactKey: Guid(6d6f8bd4a7935e849979d1f721beccff) Importer(815301076,1909f56bfc062723c751e8b465ee728b)
Start importing Assets/Materials/Material 2.mat using Guid(6d6f8bd4a7935e849979d1f721beccff) Importer(815301076,1909f56bfc062723c751e8b465ee728b)  -> (artifact id: '43064b570bb7ef071563844f55a74842') in 0.023001 seconds
  Import took 0.026926 seconds .

========================================================================
Received Import Request.
  Time since last request: 128.521072 seconds.
  path: Assets/UI
  artifactKey: Guid(a7e38bcd1353b1b42b2edd2208233279) Importer(815301076,1909f56bfc062723c751e8b465ee728b)
Start importing Assets/UI using Guid(a7e38bcd1353b1b42b2edd2208233279) Importer(815301076,1909f56bfc062723c751e8b465ee728b)  -> (artifact id: 'cae937fd72bacfb13b6d6c0fedaae703') in 0.007325 seconds
  Import took 0.046837 seconds .

========================================================================
Received Import Request.
  Time since last request: 101.522313 seconds.
  path: Assets/UI/image.png
  artifactKey: Guid(c5d02619c88bdef4f89fdbe569de5f1a) Importer(815301076,1909f56bfc062723c751e8b465ee728b)
Start importing Assets/UI/image.png using Guid(c5d02619c88bdef4f89fdbe569de5f1a) Importer(815301076,1909f56bfc062723c751e8b465ee728b)  -> (artifact id: '551a79dad0de94d64817dd7d59a82ee6') in 0.037418 seconds
  Import took 0.062823 seconds .

========================================================================
Received Import Request.
  Time since last request: 7.802001 seconds.
  path: Assets/UI/makeup.png
  artifactKey: Guid(6c20fd6f8e38ae244935028249e5488e) Importer(815301076,1909f56bfc062723c751e8b465ee728b)
Start importing Assets/UI/makeup.png using Guid(6c20fd6f8e38ae244935028249e5488e) Importer(815301076,1909f56bfc062723c751e8b465ee728b)  -> (artifact id: 'c724b9724296f0b7285afdef0dc67593') in 0.017502 seconds
  Import took 0.054401 seconds .

========================================================================
Received Import Request.
  Time since last request: 7.142618 seconds.
  path: Assets/UI/edit.png
  artifactKey: Guid(9e54369917b8c7b49b9230230073274d) Importer(815301076,1909f56bfc062723c751e8b465ee728b)
Start importing Assets/UI/edit.png using Guid(9e54369917b8c7b49b9230230073274d) Importer(815301076,1909f56bfc062723c751e8b465ee728b)  -> (artifact id: '56f4093d931ec48adfff953a9cc2e745') in 0.015803 seconds
  Import took 0.018803 seconds .

========================================================================
Received Import Request.
  Time since last request: 5.011290 seconds.
  path: Assets/UI/camera.png
  artifactKey: Guid(6452b7735d42cf141b5d915f95ea133b) Importer(815301076,1909f56bfc062723c751e8b465ee728b)
Start importing Assets/UI/camera.png using Guid(6452b7735d42cf141b5d915f95ea133b) Importer(815301076,1909f56bfc062723c751e8b465ee728b)  -> (artifact id: '38915e2d4f9bea9500f467f007ac33be') in 0.024147 seconds
  Import took 0.028707 seconds .

========================================================================
Received Import Request.
  Time since last request: 147.186726 seconds.
  path: Assets/UI/effect.png
  artifactKey: Guid(07aefe0e94ffab9448e82a88c86f497b) Importer(815301076,1909f56bfc062723c751e8b465ee728b)
Start importing Assets/UI/effect.png using Guid(07aefe0e94ffab9448e82a88c86f497b) Importer(815301076,1909f56bfc062723c751e8b465ee728b)  -> (artifact id: 'c61c6c9988400ef493fff711ae6e0656') in 0.016732 seconds
  Import took 0.020340 seconds .

========================================================================
Received Import Request.
  Time since last request: 1309.312853 seconds.
  path: Assets/Prefabs/AR Default Face.prefab
  artifactKey: Guid(f7adc44c1ca77474f80e1c15c9d0ffff) Importer(815301076,1909f56bfc062723c751e8b465ee728b)
Start importing Assets/Prefabs/AR Default Face.prefab using Guid(f7adc44c1ca77474f80e1c15c9d0ffff) Importer(815301076,1909f56bfc062723c751e8b465ee728b)  -> (artifact id: 'cb8394b834a93bbb67967ea4e67647fb') in 0.025215 seconds
  Import took 0.034174 seconds .

========================================================================
Received Import Request.
  Time since last request: 570.404459 seconds.
  path: Assets/Materials/FoxFaceMaterial.mat
  artifactKey: Guid(9181260c0a003d749a23909d98775614) Importer(815301076,1909f56bfc062723c751e8b465ee728b)
Start importing Assets/Materials/FoxFaceMaterial.mat using Guid(9181260c0a003d749a23909d98775614) Importer(815301076,1909f56bfc062723c751e8b465ee728b)  -> (artifact id: 'c73cf305addd273f2961d2aa67f4981f') in 0.050948 seconds
  Import took 0.079698 seconds .

========================================================================
Received Import Request.
  Time since last request: 0.000334 seconds.
  path: Assets/Materials/FoxNoiseMaterial.mat
  artifactKey: Guid(1c32b7c75d49c88428c5a464da8909da) Importer(815301076,1909f56bfc062723c751e8b465ee728b)
Start importing Assets/Materials/FoxNoiseMaterial.mat using Guid(1c32b7c75d49c88428c5a464da8909da) Importer(815301076,1909f56bfc062723c751e8b465ee728b)  -> (artifact id: '9e8d8ac28d718f82df431b3bf7d2f353') in 0.015876 seconds
  Import took 0.022206 seconds .

========================================================================
Received Import Request.
  Time since last request: 86.947332 seconds.
  path: Assets/Models/canonical_face_mesh.fbx
  artifactKey: Guid(538464acafcf3406f94cb7a5cb51f0ae) Importer(815301076,1909f56bfc062723c751e8b465ee728b)
Start importing Assets/Models/canonical_face_mesh.fbx using Guid(538464acafcf3406f94cb7a5cb51f0ae) Importer(815301076,1909f56bfc062723c751e8b465ee728b)  -> (artifact id: 'f2aebcd8585523a1f9be1f821b7d61f2') in 0.209156 seconds
  Import took 0.260860 seconds .

========================================================================
Received Import Request.
  Time since last request: 0.000246 seconds.
  path: Assets/Models/canonical_face_texture.psd
  artifactKey: Guid(1ad19e9b185b2430d9e04fa903da981e) Importer(815301076,1909f56bfc062723c751e8b465ee728b)
Start importing Assets/Models/canonical_face_texture.psd using Guid(1ad19e9b185b2430d9e04fa903da981e) Importer(815301076,1909f56bfc062723c751e8b465ee728b)  -> (artifact id: 'c6b7ef1d53aef593e9a94292295b9c59') in 0.035421 seconds
  Import took 0.037900 seconds .

========================================================================
Received Import Request.
  Time since last request: 0.000326 seconds.
  path: Assets/Models/fox_sample.fbx
  artifactKey: Guid(909f7e3faf16c4c1983434120ad9d7f1) Importer(815301076,1909f56bfc062723c751e8b465ee728b)
Start importing Assets/Models/fox_sample.fbx using Guid(909f7e3faf16c4c1983434120ad9d7f1) Importer(815301076,1909f56bfc062723c751e8b465ee728b)  -> (artifact id: '59beea08356d3fe3d02b5b256b1aff75') in 0.055752 seconds
  Import took 0.058335 seconds .

========================================================================
Received Import Request.
  Time since last request: 355.110001 seconds.
  path: Assets/Materials
  artifactKey: Guid(3aefbc5204975f1448fc7fec59d01c5a) Importer(815301076,1909f56bfc062723c751e8b465ee728b)
Start importing Assets/Materials using Guid(3aefbc5204975f1448fc7fec59d01c5a) Importer(815301076,1909f56bfc062723c751e8b465ee728b)  -> (artifact id: '1b9feba444b96f626548eff654e616ed') in 0.018922 seconds
  Import took 0.052737 seconds .

========================================================================
Received Import Request.
  Time since last request: 23.767332 seconds.
  path: Assets/Materials/Material 3.mat
  artifactKey: Guid(5e41a809dbf894b40be38a173275c8c6) Importer(815301076,1909f56bfc062723c751e8b465ee728b)
Start importing Assets/Materials/Material 3.mat using Guid(5e41a809dbf894b40be38a173275c8c6) Importer(815301076,1909f56bfc062723c751e8b465ee728b)  -> (artifact id: 'a4c83171c8050939f8297c1b1c615fa1') in 0.034085 seconds
  Import took 0.121903 seconds .

========================================================================
Received Import Request.
  Time since last request: 33.395496 seconds.
  path: Assets/Textures/ear_fur.png
  artifactKey: Guid(c9c4f67e609d9a84ea4b80666a006847) Importer(815301076,1909f56bfc062723c751e8b465ee728b)
Start importing Assets/Textures/ear_fur.png using Guid(c9c4f67e609d9a84ea4b80666a006847) Importer(815301076,1909f56bfc062723c751e8b465ee728b)  -> (artifact id: '19f73d137656d04225ba45f1d357a42a') in 0.034758 seconds
  Import took 0.042271 seconds .

========================================================================
Received Import Request.
  Time since last request: 0.000475 seconds.
  path: Assets/Textures/eyelashes_alpha.png
  artifactKey: Guid(da9bab7d559700447a9404367546a6dd) Importer(815301076,1909f56bfc062723c751e8b465ee728b)
Start importing Assets/Textures/eyelashes_alpha.png using Guid(da9bab7d559700447a9404367546a6dd) Importer(815301076,1909f56bfc062723c751e8b465ee728b)  -> (artifact id: '37ab04558c62af1be37a114c3810ffc6') in 0.047903 seconds
  Import took 0.053287 seconds .

========================================================================
Received Import Request.
  Time since last request: 0.000465 seconds.
  path: Assets/Textures/highlighter_screen.png
  artifactKey: Guid(95c84c3484f996c48ab4f312a0b1012e) Importer(815301076,1909f56bfc062723c751e8b465ee728b)
Start importing Assets/Textures/highlighter_screen.png using Guid(95c84c3484f996c48ab4f312a0b1012e) Importer(815301076,1909f56bfc062723c751e8b465ee728b)  -> (artifact id: '176cb29c9e30df8b8ee5fa342d1b69d5') in 0.029937 seconds
  Import took 0.054707 seconds .

========================================================================
Received Import Request.
  Time since last request: 0.000479 seconds.
  path: Assets/Textures/eyelashes_alpha.png
  artifactKey: Guid(da9bab7d559700447a9404367546a6dd) Importer(815301076,1909f56bfc062723c751e8b465ee728b)
Start importing Assets/Textures/eyelashes_alpha.png using Guid(da9bab7d559700447a9404367546a6dd) Importer(815301076,1909f56bfc062723c751e8b465ee728b)  -> (artifact id: '37ab04558c62af1be37a114c3810ffc6') in 0.014421 seconds
  Import took 0.020138 seconds .

========================================================================
Received Import Request.
  Time since last request: 0.000378 seconds.
  path: Assets/Textures/makeup.png
  artifactKey: Guid(a433954bf21f3e44d9c8856154a0c390) Importer(815301076,1909f56bfc062723c751e8b465ee728b)
Start importing Assets/Textures/makeup.png using Guid(a433954bf21f3e44d9c8856154a0c390) Importer(815301076,1909f56bfc062723c751e8b465ee728b)  -> (artifact id: '6126958560b97dcaa39bb13bfd1eb64e') in 0.030955 seconds
  Import took 0.064449 seconds .

========================================================================
Received Import Request.
  Time since last request: 0.000366 seconds.
  path: Assets/Textures/ear_fur.png
  artifactKey: Guid(c9c4f67e609d9a84ea4b80666a006847) Importer(815301076,1909f56bfc062723c751e8b465ee728b)
Start importing Assets/Textures/ear_fur.png using Guid(c9c4f67e609d9a84ea4b80666a006847) Importer(815301076,1909f56bfc062723c751e8b465ee728b)  -> (artifact id: '19f73d137656d04225ba45f1d357a42a') in 0.026700 seconds
  Import took 0.031723 seconds .

========================================================================
Received Import Request.
  Time since last request: 0.000378 seconds.
  path: Assets/Textures/nose_fur.png
  artifactKey: Guid(4a169a593688e9748b63f1ce1a807ba0) Importer(815301076,1909f56bfc062723c751e8b465ee728b)
Start importing Assets/Textures/nose_fur.png using Guid(4a169a593688e9748b63f1ce1a807ba0) Importer(815301076,1909f56bfc062723c751e8b465ee728b)  -> (artifact id: '24af3ee471dd900c92bf1c18ab250aaf') in 0.025491 seconds
  Import took 0.086980 seconds .

========================================================================
Received Import Request.
  Time since last request: 0.000415 seconds.
  path: Assets/Textures/shadow-highlight.png
  artifactKey: Guid(3ca9330ce674fab49acd7ea550c955de) Importer(815301076,1909f56bfc062723c751e8b465ee728b)
Start importing Assets/Textures/shadow-highlight.png using Guid(3ca9330ce674fab49acd7ea550c955de) Importer(815301076,1909f56bfc062723c751e8b465ee728b)  -> (artifact id: 'c100ce6dc22a260562562abb71998a3d') in 0.176295 seconds
  Import took 0.180981 seconds .

========================================================================
Received Import Request.
  Time since last request: 0.000449 seconds.
  path: Assets/Textures/shadow-eyelashes-highlight.png
  artifactKey: Guid(831eba7a811c05f4f9ec605f142b68e7) Importer(815301076,1909f56bfc062723c751e8b465ee728b)
Start importing Assets/Textures/shadow-eyelashes-highlight.png using Guid(831eba7a811c05f4f9ec605f142b68e7) Importer(815301076,1909f56bfc062723c751e8b465ee728b)  -> (artifact id: '767cc2dfdb8cbfa7ef8014bda1d0f22c') in 0.136248 seconds
  Import took 0.221543 seconds .

========================================================================
Received Import Request.
  Time since last request: 0.000445 seconds.
  path: Assets/Textures/fox_face_mesh_texture.png
  artifactKey: Guid(ca022a5cff78b1740a1c7161231293d9) Importer(815301076,1909f56bfc062723c751e8b465ee728b)
Start importing Assets/Textures/fox_face_mesh_texture.png using Guid(ca022a5cff78b1740a1c7161231293d9) Importer(815301076,1909f56bfc062723c751e8b465ee728b)  -> (artifact id: 'c3dff803b65027ed1adf984d72ee770b') in 0.024975 seconds
  Import took 0.179846 seconds .

========================================================================
Received Import Request.
  Time since last request: 0.000499 seconds.
  path: Assets/Textures/shadow-eyelashes-highlight.png
  artifactKey: Guid(831eba7a811c05f4f9ec605f142b68e7) Importer(815301076,1909f56bfc062723c751e8b465ee728b)
Start importing Assets/Textures/shadow-eyelashes-highlight.png using Guid(831eba7a811c05f4f9ec605f142b68e7) Importer(815301076,1909f56bfc062723c751e8b465ee728b)  -> (artifact id: '767cc2dfdb8cbfa7ef8014bda1d0f22c') in 0.029151 seconds
  Import took 0.034564 seconds .

========================================================================
Received Import Request.
  Time since last request: 0.000491 seconds.
  path: Assets/Textures/face-makeup.png
  artifactKey: Guid(6598036b73935064f845176628aa108c) Importer(815301076,1909f56bfc062723c751e8b465ee728b)
Start importing Assets/Textures/face-makeup.png using Guid(6598036b73935064f845176628aa108c) Importer(815301076,1909f56bfc062723c751e8b465ee728b)  -> (artifact id: 'd8259ba78c9a0ba88dd4867cf45a3c04') in 0.029447 seconds
  Import took 0.034814 seconds .

========================================================================
Received Import Request.
  Time since last request: 0.000388 seconds.
  path: Assets/Textures/shadows_multiply.png
  artifactKey: Guid(ecba08e855f649f41a0bd686046ff697) Importer(815301076,1909f56bfc062723c751e8b465ee728b)
Start importing Assets/Textures/shadows_multiply.png using Guid(ecba08e855f649f41a0bd686046ff697) Importer(815301076,1909f56bfc062723c751e8b465ee728b)  -> (artifact id: '94299c2b810adf4124ae8bdf8c7e8689') in 0.030534 seconds
  Import took 0.035716 seconds .

========================================================================
Received Prepare
Registering precompiled user dll's ...
Registered in 0.001214 seconds.
Begin MonoManager ReloadAssembly
Native extension for WindowsStandalone target not found
Refreshing native plugins compatible for Editor in 0.75 ms, found 0 plugins.
Preloading 0 native plugins for Editor in 0.00 ms.
Mono: successfully reloaded assembly
- Completed reload, in  3.223 seconds
Platform modules already initialized, skipping
Switching build target platform(5) subTarget(0) extendedPlatform(0) -> platform(13) subTarget(589824) extendedPlatform(0)
Refreshing native plugins compatible for Editor in 0.53 ms, found 0 plugins.
Preloading 0 native plugins for Editor in 0.00 ms.
Unloading 1445 Unused Serialized files (Serialized files now loaded: 0)
System memory in use before: 83.7 MB.
System memory in use after: 83.8 MB.

Unloading 11 unused Assets to reduce memory usage. Loaded Objects now: 1952.
Total: 4.904700 ms (FindLiveObjects: 0.384000 ms CreateObjectMapping: 0.165000 ms MarkObjects: 4.224100 ms  DeleteObjects: 0.128000 ms)

AssetImportParameters requested are different than current active one (requested -> active):
  custom:graphics/normal-map-encoding: 01000000000000000000000000000000 -> 02000000000000000000000000000000
========================================================================
Received Prepare
Refreshing native plugins compatible for Editor in 1.97 ms, found 0 plugins.
Preloading 0 native plugins for Editor in 0.00 ms.
Unloading 4 Unused Serialized files (Serialized files now loaded: 0)
System memory in use before: 54.9 MB.
System memory in use after: 55.0 MB.

Unloading 4 unused Assets to reduce memory usage. Loaded Objects now: 1952.
Total: 5.044200 ms (FindLiveObjects: 0.410300 ms CreateObjectMapping: 0.192200 ms MarkObjects: 4.411000 ms  DeleteObjects: 0.028400 ms)

========================================================================
Received Prepare
Refreshing native plugins compatible for Editor in 1.96 ms, found 0 plugins.
Preloading 0 native plugins for Editor in 0.00 ms.
Unloading 4 Unused Serialized files (Serialized files now loaded: 0)
System memory in use before: 54.9 MB.
System memory in use after: 55.1 MB.

Unloading 4 unused Assets to reduce memory usage. Loaded Objects now: 1952.
Total: 5.146800 ms (FindLiveObjects: 0.300600 ms CreateObjectMapping: 0.222200 ms MarkObjects: 4.588900 ms  DeleteObjects: 0.032700 ms)

========================================================================
Received Import Request.
  Time since last request: 447.809202 seconds.
  path: Assets/Materials/Material 2.mat
  artifactKey: Guid(5e41a809dbf894b40be38a173275c8c6) Importer(815301076,1909f56bfc062723c751e8b465ee728b)
Start importing Assets/Materials/Material 2.mat using Guid(5e41a809dbf894b40be38a173275c8c6) Importer(815301076,1909f56bfc062723c751e8b465ee728b)  -> (artifact id: '97902b88bd8e401937a9ae8e43f2ee48') in 0.418404 seconds
  Import took 0.427228 seconds .

========================================================================
Received Import Request.
  Time since last request: 0.456144 seconds.
  path: Assets/Materials/Material 2.mat
  artifactKey: Guid(5e41a809dbf894b40be38a173275c8c6) Importer(815301076,1909f56bfc062723c751e8b465ee728b)
Start importing Assets/Materials/Material 2.mat using Guid(5e41a809dbf894b40be38a173275c8c6) Importer(815301076,1909f56bfc062723c751e8b465ee728b)  -> (artifact id: '97902b88bd8e401937a9ae8e43f2ee48') in 1.173284 seconds
  Import took 1.181338 seconds .

========================================================================
Received Prepare
Refreshing native plugins compatible for Editor in 0.95 ms, found 0 plugins.
Preloading 0 native plugins for Editor in 0.00 ms.
Unloading 4 Unused Serialized files (Serialized files now loaded: 0)
System memory in use before: 55.0 MB.
System memory in use after: 55.1 MB.

Unloading 4 unused Assets to reduce memory usage. Loaded Objects now: 1953.
Total: 3.145800 ms (FindLiveObjects: 0.192000 ms CreateObjectMapping: 0.060900 ms MarkObjects: 2.875800 ms  DeleteObjects: 0.015400 ms)

AssetImportWorkerClient::OnTransportError - code=2 error=End of file
